Undefined command: "gcc".  Try "help".
Starting program: /home/shay/a/kmanche/hw01/prime_factor 

Program received signal SIGINT, Interrupt.
0x0000003f1eadb7d0 in __write_nocancel () from /lib64/libc.so.6
#0  0x0000003f1eadb7d0 in __write_nocancel () from /lib64/libc.so.6
#1  0x0000003f1ea71943 in _IO_new_file_write () from /lib64/libc.so.6
#2  0x0000003f1ea72ef5 in _IO_new_do_write () from /lib64/libc.so.6
#3  0x0000003f1ea715bd in _IO_new_file_xsputn () from /lib64/libc.so.6
#4  0x0000003f1ea45018 in vfprintf () from /lib64/libc.so.6
#5  0x0000003f1ea4effa in printf () from /lib64/libc.so.6
#6  0x0000000000400658 in print_prime_factors (n=0) at prime_factor.c:29
#7  0x00000000004006f7 in main (argc=1, argv=0x7fffffffe3b8)
    at test_prime_factor.c:7
#6  0x0000000000400658 in print_prime_factors (n=0) at prime_factor.c:29
29	                printf(" %d", 2);
24	            printf(" (none)");
25	        }
26	        else {
27	            // Print all occurrences of 2 in the prime factorization
28	            while(n % 2 == 0) {
29	                printf(" %d", 2);
30	                n %= 2;  // Divide n by 2 (integer division)
31	            }
32	
33	            // Try all odd integers, from 3 to sqrt(n)
n = 0
No locals.
Undefined command: "breakpoint".  Try "help".
Breakpoint 1 at 0x4006ed: file test_prime_factor.c, line 7.
Starting program: /home/shay/a/kmanche/hw01/prime_factor 

Breakpoint 1, main (argc=1, argv=0x7fffffffe3b8) at test_prime_factor.c:7
7		print_prime_factors(6);
print_prime_factors (n=6) at prime_factor.c:17
17	    if(n <= 0) {
Breakpoint 2 at 0x400669: file prime_factor.c, line 28.
Program not restarted.
Continuing.

Breakpoint 2, print_prime_factors (n=6) at prime_factor.c:28
28	            while(n % 2 == 0) {
$1 = 6
29	                printf(" %d", 2);
30	                n %= 2;  // Divide n by 2 (integer division)
$2 = 6

Breakpoint 2, print_prime_factors (n=0) at prime_factor.c:28
28	            while(n % 2 == 0) {
$3 = 0
$4 = 0
